Arguments: 
  /usr/local/bin/node /home/jonny/.yarn/releases/yarn-1.22.10.cjs init

PATH: 
  /home/jonny/miniconda3/condabin:/home/jonny/.rbenv/shims:/home/jonny/.deno/bin:/home/jonny/.rbenv/bin:/home/jonny/.rbenv/plugins/ruby-build/bin:/usr/local/go/bin:/home/jonny/go/bin:/home/jonny/.local/share/bin:/home/jonny/.local/bin:/home/jonny/.cargo/bin:/home/jonny/.rbenv/shims:/home/jonny/.deno/bin:/home/jonny/.rbenv/bin:/home/jonny/.rbenv/plugins/ruby-build/bin:/usr/local/go/bin:/home/jonny/go/bin:/home/jonny/.local/share/bin:/home/jonny/.local/bin:/usr/local/sbin:/usr/local/bin:/usr/sbin:/usr/bin:/sbin:/bin:/usr/games:/usr/local/games:/snap/bin:/usr/local/go/bin:/home/jonny/go/bin

Yarn version: 
  1.22.10

Node version: 
  15.11.0

Platform: 
  linux x64

Trace: 
  Error: canceled
      at Interface.<anonymous> (/home/jonny/.yarn/releases/yarn-1.22.10.cjs:131420:13)
      at Interface.emit (node:events:378:20)
      at Interface._ttyWrite (node:readline:973:16)
      at ReadStream.onkeypress (node:readline:259:10)
      at ReadStream.emit (node:events:378:20)
      at emitKeys (node:internal/readline/utils:358:14)
      at emitKeys.next (<anonymous>)
      at ReadStream.onData (node:readline:1242:36)
      at ReadStream.emit (node:events:378:20)
      at addChunk (node:internal/streams/readable:313:12)

npm manifest: 
  No manifest

yarn manifest: 
  No manifest

Lockfile: 
  No lockfile
